<?xml version="1.0" encoding="UTF-8"?>
<!-- Generated by org.testng.reporters.JUnitXMLReporter -->
<testsuite hostname="DESKTOP-8VARECG" ignored="2" name="GRP-Second" tests="2" failures="0" timestamp="04 Dec 2020 17:08:44 GMT" time="0.076" errors="0">
  <testcase name="startTest" time="0.015" classname="ui.GroupDemoTest"/>
  <testcase name="LogoutTest" time="0.004" classname="ui.GroupDemoTest"/>
  <testcase name="stopTest" time="0.0" classname="ui.GroupDemoTest">
    <ignored/>
  </testcase> <!-- stopTest -->
  <testcase name="LoginTest" time="0.0" classname="ui.GroupDemoTest">
    <ignored/>
  </testcase> <!-- LoginTest -->
</testsuite> <!-- GRP-Second -->
