<?xml version="1.0" encoding="UTF-8"?>
<!-- Generated by org.testng.reporters.JUnitXMLReporter -->
<testsuite hostname="DESKTOP-8VARECG" ignored="2" name="GRP-Main" tests="2" failures="0" timestamp="05 Dec 2020 08:38:49 GMT" time="0.102" errors="0">
  <testcase name="stopTest" time="0.011" classname="ui.GroupDemoTest"/>
  <testcase name="LoginTest" time="0.005" classname="ui.GroupDemoTest"/>
  <testcase name="startTest" time="0.0" classname="ui.GroupDemoTest">
    <ignored/>
  </testcase> <!-- startTest -->
  <testcase name="LogoutTest" time="0.0" classname="ui.GroupDemoTest">
    <ignored/>
  </testcase> <!-- LogoutTest -->
</testsuite> <!-- GRP-Main -->
