<?xml version="1.0" encoding="UTF-8"?>
<!-- Generated by org.testng.reporters.JUnitXMLReporter -->
<testsuite hostname="DESKTOP-8VARECG" ignored="5" name="Fuunctional Testing" tests="2" failures="0" timestamp="05 Dec 2020 09:04:18 GMT" time="0.058" errors="0">
  <testcase name="stopTest" time="0.008" classname="ui.GroupDemoTest"/>
  <testcase name="LoginTest" time="0.003" classname="ui.GroupDemoTest"/>
  <testcase name="LogoutTest" time="0.0" classname="ui.LoginTest">
    <ignored/>
  </testcase> <!-- LogoutTest -->
  <testcase name="startTest" time="0.0" classname="ui.GroupDemoTest">
    <ignored/>
  </testcase> <!-- startTest -->
  <testcase name="verifyTitleTest" time="0.0" classname="ui.TitleTest">
    <ignored/>
  </testcase> <!-- verifyTitleTest -->
  <testcase name="LoginTest" time="0.0" classname="ui.LoginTest">
    <ignored/>
  </testcase> <!-- LoginTest -->
  <testcase name="LogoutTest" time="0.0" classname="ui.GroupDemoTest">
    <ignored/>
  </testcase> <!-- LogoutTest -->
</testsuite> <!-- Fuunctional Testing -->
