<?xml version="1.0" encoding="UTF-8"?>
<testng-results skipped="0" failed="0" ignored="0" total="1" passed="1">
  <reporter-output>
  </reporter-output>
  <suite name="Reading Data from File Suite" duration-ms="26360" started-at="2020-12-07T07:10:25Z" finished-at="2020-12-07T07:10:51Z">
    <groups>
    </groups>
    <test name="Reading Data from File" duration-ms="26360" started-at="2020-12-07T07:10:25Z" finished-at="2020-12-07T07:10:51Z">
      <class name="ui.LoginTestGeneric">
        <test-method status="PASS" signature="launchApp(java.lang.String)[pri:0, instance:ui.LoginTestGeneric@27c20538]" name="launchApp" duration-ms="26313" started-at="2020-12-07T07:10:25Z" finished-at="2020-12-07T07:10:51Z">
          <params>
            <param index="0">
              <value>
                <![CDATA[firefox]]>
              </value>
            </param>
          </params>
          <reporter-output>
          </reporter-output>
        </test-method> <!-- launchApp -->
      </class> <!-- ui.LoginTestGeneric -->
    </test> <!-- Reading Data from File -->
  </suite> <!-- Reading Data from File Suite -->
</testng-results>
