<?xml version="1.0" encoding="UTF-8"?>
<!-- Generated by org.testng.reporters.JUnitXMLReporter -->
<testsuite hostname="DESKTOP-8VARECG" ignored="0" name="GroupTest" tests="4" failures="0" timestamp="05 Dec 2020 09:04:26 GMT" time="0.066" errors="0">
  <testcase name="startTest" time="0.013" classname="ui.GroupDemoTest3"/>
  <testcase name="stopTest" time="0.002" classname="ui.GroupDemoTest3"/>
  <testcase name="LogoutTest" time="0.003" classname="ui.GroupDemoTest3"/>
  <testcase name="LoginTest" time="0.005" classname="ui.GroupDemoTest3"/>
</testsuite> <!-- GroupTest -->
