<?xml version="1.0" encoding="UTF-8"?>
<!-- Generated by org.testng.reporters.JUnitXMLReporter -->
<testsuite hostname="DESKTOP-8VARECG" ignored="0" name="Default test" tests="12" failures="0" timestamp="07 Dec 2020 06:51:29 GMT" time="0.169" errors="0">
  <testcase name="DataTest" time="0.016" classname="ui.DataProviderDemo"/>
  <testcase name="DataTest" time="0.008" classname="ui.DataProviderDemo"/>
  <testcase name="DataTest" time="0.0" classname="ui.DataProviderDemo"/>
  <testcase name="DataTest" time="0.0" classname="ui.DataProviderDemo"/>
  <testcase name="DataTest2" time="0.008" classname="ui.DataProviderDemo"/>
  <testcase name="DataTest2" time="0.008" classname="ui.DataProviderDemo"/>
  <testcase name="DataTest2" time="0.0" classname="ui.DataProviderDemo"/>
  <testcase name="DataTest2" time="0.008" classname="ui.DataProviderDemo"/>
  <testcase name="DataTest3" time="0.008" classname="ui.DataProviderDemo"/>
  <testcase name="DataTest3" time="0.008" classname="ui.DataProviderDemo"/>
  <testcase name="DataTest3" time="0.008" classname="ui.DataProviderDemo"/>
  <testcase name="DataTest3" time="0.01" classname="ui.DataProviderDemo"/>
</testsuite> <!-- Default test -->
