<?xml version="1.0" encoding="UTF-8"?>
<!-- Generated by org.testng.reporters.JUnitXMLReporter -->
<testsuite hostname="DESKTOP-8VARECG" ignored="0" name="ListenerScreenshot" tests="4" failures="1" timestamp="07 Dec 2020 08:45:04 GMT" time="8.932" errors="0">
  <testcase name="launchTest" time="3.744" classname="ui.ListenerDemoTest">
    <skipped/>
  </testcase> <!-- launchTest -->
  <testcase name="launchTest" time="1.418" classname="ui.ListenerDemoTest">
    <skipped/>
  </testcase> <!-- launchTest -->
  <testcase name="launchTest" time="1.832" classname="ui.ListenerDemoTest">
    <skipped/>
  </testcase> <!-- launchTest -->
  <testcase name="launchTest" time="1.225" classname="ui.ListenerDemoTest">
    <failure type="java.lang.AssertionError" message="expected [true] but found [false]">
      <![CDATA[java.lang.AssertionError: expected [true] but found [false]
at ui.ListenerDemoTest.launchTest(ListenerDemoTest.java:14)
... Removed 29 stack frames]]>
    </failure>
  </testcase> <!-- launchTest -->
</testsuite> <!-- ListenerScreenshot -->
